{"C:\\Users\\moura\\Documents\\Code\\JS\\behavioural-patterns\\template-method\\src\\business\\OrderBusiness.js": {"path":"C:\\Users\\moura\\Documents\\Code\\JS\\behavioural-patterns\\template-method\\src\\business\\OrderBusiness.js","all":false,"statementMap":{"0":{"start":{"line":1,"column":0},"end":{"line":1,"column":50}},"1":{"start":{"line":2,"column":0},"end":{"line":2,"column":0}},"2":{"start":{"line":3,"column":0},"end":{"line":3,"column":57}},"3":{"start":{"line":4,"column":0},"end":{"line":4,"column":0}},"4":{"start":{"line":5,"column":0},"end":{"line":5,"column":24}},"5":{"start":{"line":6,"column":0},"end":{"line":6,"column":0}},"6":{"start":{"line":7,"column":0},"end":{"line":7,"column":35}},"7":{"start":{"line":8,"column":0},"end":{"line":8,"column":0}},"8":{"start":{"line":9,"column":0},"end":{"line":9,"column":55}},"9":{"start":{"line":10,"column":0},"end":{"line":10,"column":0}},"10":{"start":{"line":11,"column":0},"end":{"line":11,"column":5}},"11":{"start":{"line":12,"column":0},"end":{"line":12,"column":0}},"12":{"start":{"line":13,"column":0},"end":{"line":13,"column":19}},"13":{"start":{"line":14,"column":0},"end":{"line":14,"column":0}},"14":{"start":{"line":15,"column":0},"end":{"line":15,"column":31}},"15":{"start":{"line":16,"column":0},"end":{"line":16,"column":0}},"16":{"start":{"line":17,"column":0},"end":{"line":17,"column":20}},"17":{"start":{"line":18,"column":0},"end":{"line":18,"column":0}},"18":{"start":{"line":19,"column":0},"end":{"line":19,"column":5}},"19":{"start":{"line":20,"column":0},"end":{"line":20,"column":0}},"20":{"start":{"line":21,"column":0},"end":{"line":21,"column":1}}},"s":{"0":2,"1":2,"2":2,"3":2,"4":2,"5":2,"6":1,"7":2,"8":1,"9":1,"10":1,"11":1,"12":1,"13":1,"14":1,"15":1,"16":1,"17":1,"18":1,"19":1,"20":1},"branchMap":{"0":{"type":"branch","line":1,"loc":{"start":{"line":1,"column":0},"end":{"line":1,"column":50}},"locations":[{"start":{"line":1,"column":0},"end":{"line":1,"column":50}}]},"1":{"type":"branch","line":1,"loc":{"start":{"line":1,"column":25},"end":{"line":7,"column":27}},"locations":[{"start":{"line":1,"column":25},"end":{"line":7,"column":27}}]},"2":{"type":"branch","line":7,"loc":{"start":{"line":7,"column":4},"end":{"line":9,"column":38}},"locations":[{"start":{"line":7,"column":4},"end":{"line":9,"column":38}}]}},"b":{"0":[2],"1":[2],"2":[2]},"fnMap":{"0":{"name":"<instance_members_initializer>","decl":{"start":{"line":1,"column":0},"end":{"line":1,"column":50}},"loc":{"start":{"line":1,"column":0},"end":{"line":1,"column":50}},"line":1},"1":{"name":"_validateRequiredFields","decl":{"start":{"line":1,"column":25},"end":{"line":7,"column":27}},"loc":{"start":{"line":1,"column":25},"end":{"line":7,"column":27}},"line":1},"2":{"name":"_create","decl":{"start":{"line":7,"column":4},"end":{"line":9,"column":38}},"loc":{"start":{"line":7,"column":4},"end":{"line":9,"column":38}},"line":7}},"f":{"0":2,"1":2,"2":2}}
,"C:\\Users\\moura\\Documents\\Code\\JS\\behavioural-patterns\\template-method\\src\\business\\base\\BaseBusiness.js": {"path":"C:\\Users\\moura\\Documents\\Code\\JS\\behavioural-patterns\\template-method\\src\\business\\base\\BaseBusiness.js","all":false,"statementMap":{"0":{"start":{"line":1,"column":0},"end":{"line":1,"column":67}},"1":{"start":{"line":2,"column":0},"end":{"line":2,"column":0}},"2":{"start":{"line":3,"column":0},"end":{"line":3,"column":23}},"3":{"start":{"line":4,"column":0},"end":{"line":4,"column":0}},"4":{"start":{"line":5,"column":0},"end":{"line":5,"column":35}},"5":{"start":{"line":6,"column":0},"end":{"line":6,"column":0}},"6":{"start":{"line":7,"column":0},"end":{"line":7,"column":35}},"7":{"start":{"line":8,"column":0},"end":{"line":8,"column":0}},"8":{"start":{"line":9,"column":0},"end":{"line":9,"column":77}},"9":{"start":{"line":10,"column":0},"end":{"line":10,"column":0}},"10":{"start":{"line":11,"column":0},"end":{"line":11,"column":5}},"11":{"start":{"line":12,"column":0},"end":{"line":12,"column":0}},"12":{"start":{"line":13,"column":0},"end":{"line":13,"column":19}},"13":{"start":{"line":14,"column":0},"end":{"line":14,"column":0}},"14":{"start":{"line":15,"column":0},"end":{"line":15,"column":61}},"15":{"start":{"line":16,"column":0},"end":{"line":16,"column":0}},"16":{"start":{"line":17,"column":0},"end":{"line":17,"column":5}},"17":{"start":{"line":18,"column":0},"end":{"line":18,"column":0}},"18":{"start":{"line":19,"column":0},"end":{"line":19,"column":6}},"19":{"start":{"line":20,"column":0},"end":{"line":20,"column":32}},"20":{"start":{"line":21,"column":0},"end":{"line":21,"column":88}},"21":{"start":{"line":22,"column":0},"end":{"line":22,"column":0}},"22":{"start":{"line":23,"column":0},"end":{"line":23,"column":59}},"23":{"start":{"line":24,"column":0},"end":{"line":24,"column":6}},"24":{"start":{"line":25,"column":0},"end":{"line":25,"column":18}},"25":{"start":{"line":26,"column":0},"end":{"line":26,"column":26}},"26":{"start":{"line":27,"column":0},"end":{"line":27,"column":24}},"27":{"start":{"line":28,"column":0},"end":{"line":28,"column":59}},"28":{"start":{"line":29,"column":0},"end":{"line":29,"column":0}},"29":{"start":{"line":30,"column":0},"end":{"line":30,"column":22}},"30":{"start":{"line":31,"column":0},"end":{"line":31,"column":0}},"31":{"start":{"line":32,"column":0},"end":{"line":32,"column":45}},"32":{"start":{"line":33,"column":0},"end":{"line":33,"column":0}},"33":{"start":{"line":34,"column":0},"end":{"line":34,"column":9}},"34":{"start":{"line":35,"column":0},"end":{"line":35,"column":0}},"35":{"start":{"line":36,"column":0},"end":{"line":36,"column":34}},"36":{"start":{"line":37,"column":0},"end":{"line":37,"column":0}},"37":{"start":{"line":38,"column":0},"end":{"line":38,"column":5}},"38":{"start":{"line":39,"column":0},"end":{"line":39,"column":0}},"39":{"start":{"line":40,"column":0},"end":{"line":40,"column":1}}},"s":{"0":1,"1":1,"2":1,"3":1,"4":1,"5":1,"6":1,"7":1,"8":1,"9":1,"10":1,"11":1,"12":1,"13":1,"14":1,"15":1,"16":1,"17":1,"18":1,"19":1,"20":1,"21":1,"22":1,"23":1,"24":1,"25":1,"26":1,"27":1,"28":1,"29":1,"30":1,"31":1,"32":1,"33":1,"34":1,"35":1,"36":1,"37":1,"38":1,"39":1},"branchMap":{"0":{"type":"branch","line":1,"loc":{"start":{"line":1,"column":40},"end":{"line":7,"column":27}},"locations":[{"start":{"line":1,"column":40},"end":{"line":7,"column":27}}]},"1":{"type":"branch","line":7,"loc":{"start":{"line":7,"column":28},"end":{"line":9,"column":77}},"locations":[{"start":{"line":7,"column":28},"end":{"line":9,"column":77}}]},"2":{"type":"branch","line":21,"loc":{"start":{"line":21,"column":0},"end":{"line":30,"column":21}},"locations":[{"start":{"line":21,"column":0},"end":{"line":30,"column":21}}]},"3":{"type":"branch","line":27,"loc":{"start":{"line":27,"column":8},"end":{"line":28,"column":53}},"locations":[{"start":{"line":27,"column":8},"end":{"line":28,"column":53}}]}},"b":{"0":[1],"1":[1],"2":[1],"3":[0]},"fnMap":{"0":{"name":"_validateRequiredFields","decl":{"start":{"line":1,"column":40},"end":{"line":7,"column":27}},"loc":{"start":{"line":1,"column":40},"end":{"line":7,"column":27}},"line":1},"1":{"name":"_create","decl":{"start":{"line":7,"column":28},"end":{"line":9,"column":77}},"loc":{"start":{"line":7,"column":28},"end":{"line":9,"column":77}},"line":7},"2":{"name":"create","decl":{"start":{"line":21,"column":0},"end":{"line":30,"column":21}},"loc":{"start":{"line":21,"column":0},"end":{"line":30,"column":21}},"line":21}},"f":{"0":1,"1":1,"2":1}}
,"C:\\Users\\moura\\Documents\\Code\\JS\\behavioural-patterns\\template-method\\src\\entities\\Order.js": {"path":"C:\\Users\\moura\\Documents\\Code\\JS\\behavioural-patterns\\template-method\\src\\entities\\Order.js","all":false,"statementMap":{"0":{"start":{"line":1,"column":0},"end":{"line":1,"column":28}},"1":{"start":{"line":2,"column":0},"end":{"line":2,"column":0}},"2":{"start":{"line":3,"column":0},"end":{"line":3,"column":51}},"3":{"start":{"line":4,"column":0},"end":{"line":4,"column":0}},"4":{"start":{"line":5,"column":0},"end":{"line":5,"column":37}},"5":{"start":{"line":6,"column":0},"end":{"line":6,"column":29}},"6":{"start":{"line":7,"column":0},"end":{"line":7,"column":33}},"7":{"start":{"line":8,"column":0},"end":{"line":8,"column":0}},"8":{"start":{"line":9,"column":0},"end":{"line":9,"column":5}},"9":{"start":{"line":10,"column":0},"end":{"line":10,"column":0}},"10":{"start":{"line":11,"column":0},"end":{"line":11,"column":1}}},"s":{"0":2,"1":2,"2":2,"3":2,"4":1,"5":1,"6":1,"7":1,"8":1,"9":1,"10":1},"branchMap":{"0":{"type":"branch","line":1,"loc":{"start":{"line":1,"column":0},"end":{"line":5,"column":13}},"locations":[{"start":{"line":1,"column":0},"end":{"line":5,"column":13}}]}},"b":{"0":[2]},"fnMap":{"0":{"name":"Order","decl":{"start":{"line":1,"column":0},"end":{"line":5,"column":13}},"loc":{"start":{"line":1,"column":0},"end":{"line":5,"column":13}},"line":1}},"f":{"0":2}}
,"C:\\Users\\moura\\Documents\\Code\\JS\\behavioural-patterns\\template-method\\src\\util\\exceptions.js": {"path":"C:\\Users\\moura\\Documents\\Code\\JS\\behavioural-patterns\\template-method\\src\\util\\exceptions.js","all":false,"statementMap":{"0":{"start":{"line":1,"column":0},"end":{"line":1,"column":52}},"1":{"start":{"line":2,"column":0},"end":{"line":2,"column":0}},"2":{"start":{"line":3,"column":0},"end":{"line":3,"column":22}},"3":{"start":{"line":4,"column":0},"end":{"line":4,"column":0}},"4":{"start":{"line":5,"column":0},"end":{"line":5,"column":61}},"5":{"start":{"line":6,"column":0},"end":{"line":6,"column":0}},"6":{"start":{"line":7,"column":0},"end":{"line":7,"column":46}},"7":{"start":{"line":8,"column":0},"end":{"line":8,"column":0}},"8":{"start":{"line":9,"column":0},"end":{"line":9,"column":5}},"9":{"start":{"line":10,"column":0},"end":{"line":10,"column":0}},"10":{"start":{"line":11,"column":0},"end":{"line":11,"column":1}}},"s":{"0":4,"1":4,"2":4,"3":4,"4":1,"5":1,"6":1,"7":1,"8":1,"9":1,"10":1},"branchMap":{"0":{"type":"branch","line":1,"loc":{"start":{"line":1,"column":0},"end":{"line":5,"column":21}},"locations":[{"start":{"line":1,"column":0},"end":{"line":5,"column":21}}]}},"b":{"0":[4]},"fnMap":{"0":{"name":"NotImplementedException","decl":{"start":{"line":1,"column":0},"end":{"line":5,"column":21}},"loc":{"start":{"line":1,"column":0},"end":{"line":5,"column":21}},"line":1}},"f":{"0":4}}
}
