TN:
SF:src\business\OrderBusiness.js
FN:1,<instance_members_initializer>
FN:1,_validateRequiredFields
FN:7,_create
FNF:3
FNH:3
FNDA:2,<instance_members_initializer>
FNDA:2,_validateRequiredFields
FNDA:2,_create
DA:1,2
DA:2,2
DA:3,2
DA:4,2
DA:5,2
DA:6,2
DA:7,1
DA:8,2
DA:9,1
DA:10,1
DA:11,1
DA:12,1
DA:13,1
DA:14,1
DA:15,1
DA:16,1
DA:17,1
DA:18,1
DA:19,1
DA:20,1
DA:21,1
LF:21
LH:21
BRDA:1,0,0,2
BRDA:1,1,0,2
BRDA:7,2,0,2
BRF:3
BRH:3
end_of_record
TN:
SF:src\business\base\BaseBusiness.js
FN:1,_validateRequiredFields
FN:7,_create
FN:21,create
FNF:3
FNH:3
FNDA:1,_validateRequiredFields
FNDA:1,_create
FNDA:1,create
DA:1,1
DA:2,1
DA:3,1
DA:4,1
DA:5,1
DA:6,1
DA:7,1
DA:8,1
DA:9,1
DA:10,1
DA:11,1
DA:12,1
DA:13,1
DA:14,1
DA:15,1
DA:16,1
DA:17,1
DA:18,1
DA:19,1
DA:20,1
DA:21,1
DA:22,1
DA:23,1
DA:24,1
DA:25,1
DA:26,1
DA:27,1
DA:28,1
DA:29,1
DA:30,1
DA:31,1
DA:32,1
DA:33,1
DA:34,1
DA:35,1
DA:36,1
DA:37,1
DA:38,1
DA:39,1
DA:40,1
LF:40
LH:40
BRDA:1,0,0,1
BRDA:7,1,0,1
BRDA:21,2,0,1
BRDA:27,3,0,0
BRF:4
BRH:3
end_of_record
TN:
SF:src\entities\Order.js
FN:1,Order
FNF:1
FNH:1
FNDA:2,Order
DA:1,2
DA:2,2
DA:3,2
DA:4,2
DA:5,1
DA:6,1
DA:7,1
DA:8,1
DA:9,1
DA:10,1
DA:11,1
LF:11
LH:11
BRDA:1,0,0,2
BRF:1
BRH:1
end_of_record
TN:
SF:src\util\exceptions.js
FN:1,NotImplementedException
FNF:1
FNH:1
FNDA:4,NotImplementedException
DA:1,4
DA:2,4
DA:3,4
DA:4,4
DA:5,1
DA:6,1
DA:7,1
DA:8,1
DA:9,1
DA:10,1
DA:11,1
LF:11
LH:11
BRDA:1,0,0,4
BRF:1
BRH:1
end_of_record
